<?xml version="1.0" encoding="UTF-8"?>
<!-- Generated by org.testng.reporters.JUnitReportReporter -->
<testsuite skipped="0" hostname="abhinay-Ideapad-Z570" name="testScripts.TC03_VerifyProductPageNavigation_byClickOnListPageItem" tests="1" failures="0" timestamp="2021-07-17T03:08:52 IST" time="12.933" errors="0">
  <testcase name="verifyListToPdNavigationAndValidateDetails" time="12.933" classname="testScripts.TC03_VerifyProductPageNavigation_byClickOnListPageItem"/>
  <system-out>
    <![CDATA[<br><img src='./src/test/resources/screenShotSrc/amzScreen_9045.png' height='569' weidth='1366'/>screenShots</br>
<br><img src='./src/test/resources/screenShotSrc/amzScreen_9045.png' height='569' weidth='1366'/>screenShots</br>
<br><img src='./src/test/resources/screenShotSrc/amzScreen_9045.png' height='569' weidth='1366'/>screenShots</br>
<br><img src='./src/test/resources/screenShotSrc/amzScreen_9045.png' height='569' weidth='1366'/>screenShots</br>]]>
  </system-out>
</testsuite> <!-- testScripts.TC03_VerifyProductPageNavigation_byClickOnListPageItem -->
